<?xml version="1.0" encoding="UTF-8"?>
<!-- Generated by org.testng.reporters.JUnitReportReporter -->
<testsuite hostname="mege-PC" name="TestNG.HandlingMultipleFiles" tests="1" failures="0" timestamp="1 Nov 2018 12:22:47 GMT" time="0.024" errors="0">
  <testcase name="testGrid" time="0.024" classname="TestNG.HandlingMultipleFiles"/>
</testsuite> <!-- TestNG.HandlingMultipleFiles -->
