<?xml version="1.0" encoding="UTF-8"?>
<!-- Generated by org.testng.reporters.JUnitReportReporter -->
<testsuite hostname="mege-PC" name="Script.OrangeTC1" tests="1" failures="0" timestamp="16 Nov 2018 15:19:15 GMT" time="13.193" errors="0">
  <testcase name="testA" time="13.193" classname="Script.OrangeTC1"/>
</testsuite> <!-- Script.OrangeTC1 -->
