<?xml version="1.0" encoding="UTF-8"?>
<!-- Generated by org.testng.reporters.JUnitReportReporter -->
<testsuite hostname="mege-PC" name="TestNG.Parameter" tests="1" failures="0" timestamp="6 Jan 2019 05:37:38 GMT" time="0.029" errors="0">
  <testcase name="testA" time="0.029" classname="TestNG.Parameter"/>
</testsuite> <!-- TestNG.Parameter -->
