<?xml version="1.0" encoding="UTF-8"?>
<!-- Generated by org.testng.reporters.JUnitReportReporter -->
<testsuite hostname="mege-PC" name="TestNG.DataProviderEg" tests="2" failures="0" timestamp="14 Nov 2018 10:51:09 GMT" time="0.166" errors="0">
  <testcase name="createUser" time="0.164" classname="TestNG.DataProviderEg"/>
  <testcase name="createUser" time="0.002" classname="TestNG.DataProviderEg"/>
</testsuite> <!-- TestNG.DataProviderEg -->
