<?xml version="1.0" encoding="UTF-8"?>
<!-- Generated by org.testng.reporters.JUnitReportReporter -->
<testsuite hostname="mege-PC" name="TestNG.AnnotationsDemo" tests="4" failures="0" timestamp="1 Nov 2018 12:18:59 GMT" time="0.030" errors="0">
  <testcase name="editUser" time="0.000" classname="TestNG.AnnotationsDemo"/>
  <testcase name="editUser" time="0.006" classname="TestNG.AnnotationsDemo"/>
  <testcase name="createUser" time="0.018" classname="TestNG.AnnotationsDemo"/>
  <testcase name="editUser" time="0.006" classname="TestNG.AnnotationsDemo"/>
</testsuite> <!-- TestNG.AnnotationsDemo -->
