<?xml version="1.0" encoding="UTF-8"?>
<!-- Generated by org.testng.reporters.JUnitReportReporter -->
<testsuite hostname="mege-PC" name="TestNG.Parameter" tests="1" failures="0" timestamp="1 Nov 2018 13:16:26 GMT" time="0.018" errors="0">
  <testcase name="testA" time="0.018" classname="TestNG.Parameter"/>
</testsuite> <!-- TestNG.Parameter -->
