<?xml version="1.0" encoding="UTF-8"?>
<!-- Generated by org.testng.reporters.JUnitReportReporter -->
<testsuite hostname="mege-PC" name="Script.OrangeTC1" tests="1" failures="0" timestamp="18 Dec 2018 16:31:17 GMT" time="49.613" errors="0">
  <testcase name="testA" time="49.613" classname="Script.OrangeTC1"/>
</testsuite> <!-- Script.OrangeTC1 -->
