<?xml version="1.0" encoding="UTF-8"?>
<!-- Generated by org.testng.reporters.JUnitReportReporter -->
<testsuite skipped="0" hostname="mege-PC" name="TestNG.PropertyFile" tests="1" failures="0" timestamp="09 Jan 2019 06:02:32 GMT" time="0.014" errors="0">
  <testcase name="testGrid" time="0.014" classname="TestNG.PropertyFile"/>
</testsuite> <!-- TestNG.PropertyFile -->
