<?xml version="1.0" encoding="UTF-8"?>
<!-- Generated by org.testng.reporters.JUnitReportReporter -->
<testsuite skipped="0" hostname="mege-PC" name="Practice.DemoMaven" tests="1" failures="0" timestamp="18 Dec 2018 16:47:48 GMT" time="14.756" errors="0">
  <testcase name="demo" time="14.756" classname="Practice.DemoMaven"/>
</testsuite> <!-- Practice.DemoMaven -->
