<?xml version="1.0" encoding="UTF-8"?>
<!-- Generated by org.testng.reporters.JUnitReportReporter -->
<testsuite skipped="0" hostname="mege-PC" name="Script.OrangeTC1" tests="1" failures="0" timestamp="29 Oct 2018 07:13:29 GMT" time="14.384" errors="0">
  <testcase name="testA" time="14.384" classname="Script.OrangeTC1"/>
</testsuite> <!-- Script.OrangeTC1 -->
