<?xml version="1.0" encoding="UTF-8"?>
<!-- Generated by org.testng.reporters.JUnitReportReporter -->
<testsuite skipped="0" hostname="mege-PC" name="Script.OrangeTC1" tests="1" failures="0" timestamp="18 Dec 2018 16:43:39 GMT" time="30.165" errors="0">
  <testcase name="testA" time="30.165" classname="Script.OrangeTC1"/>
</testsuite> <!-- Script.OrangeTC1 -->
